<?xml version="1.0" ?>
<!DOCTYPE coverage SYSTEM "http://cobertura.sourceforge.net/xml/coverage-04.dtd">
<coverage lines-valid="690" lines-covered="559" line-rate="0.8101" branches-valid="320" branches-covered="229" branch-rate="0.7156" timestamp="1531911829896" complexity="0" version="0.1">
  <sources>
    <source>/home/nick/Development/Javascript/staticman</source>
  </sources>
  <packages>
    <package name="staticman" line-rate="0.8916" branch-rate="0.6">
      <classes>
        <class name="config.js" filename="config.js" line-rate="0.9091" branch-rate="1">
          <methods>
          </methods>
          <lines>
            <line number="3" hits="104" branch="false"/>
            <line number="4" hits="104" branch="false"/>
            <line number="6" hits="104" branch="false"/>
            <line number="94" hits="104" branch="false"/>
            <line number="95" hits="104" branch="false"/>
            <line number="97" hits="104" branch="false"/>
            <line number="99" hits="104" branch="false"/>
            <line number="100" hits="104" branch="false"/>
            <line number="102" hits="0" branch="false"/>
            <line number="107" hits="104" branch="false"/>
            <line number="108" hits="104" branch="false"/>
          </lines>
        </class>
        <class name="index.js" filename="index.js" line-rate="0" branch-rate="1">
          <methods>
            <method name="(anonymous_0)" hits="0" signature="()V">
              <lines>
                <line number="5" hits="0"/>
              </lines>
            </method>
          </methods>
          <lines>
            <line number="1" hits="0" branch="false"/>
            <line number="3" hits="0" branch="false"/>
            <line number="5" hits="0" branch="false"/>
            <line number="6" hits="0" branch="false"/>
          </lines>
        </class>
        <class name="server.js" filename="server.js" line-rate="0.9455" branch-rate="0.6">
          <methods>
            <method name="(anonymous_0)" hits="1" signature="()V">
              <lines>
                <line number="10" hits="1"/>
              </lines>
            </method>
            <method name="(anonymous_1)" hits="1" signature="()V">
              <lines>
                <line number="33" hits="1"/>
              </lines>
            </method>
            <method name="(anonymous_2)" hits="1" signature="()V">
              <lines>
                <line number="39" hits="1"/>
              </lines>
            </method>
            <method name="(anonymous_3)" hits="3" signature="()V">
              <lines>
                <line number="40" hits="3"/>
              </lines>
            </method>
            <method name="(anonymous_4)" hits="1" signature="()V">
              <lines>
                <line number="48" hits="1"/>
              </lines>
            </method>
            <method name="(anonymous_5)" hits="1" signature="()V">
              <lines>
                <line number="105" hits="1"/>
              </lines>
            </method>
            <method name="(anonymous_6)" hits="6" signature="()V">
              <lines>
                <line number="115" hits="6"/>
              </lines>
            </method>
            <method name="(anonymous_7)" hits="3" signature="()V">
              <lines>
                <line number="116" hits="3"/>
              </lines>
            </method>
            <method name="(anonymous_8)" hits="3" signature="()V">
              <lines>
                <line number="117" hits="3"/>
              </lines>
            </method>
            <method name="(anonymous_9)" hits="3" signature="()V">
              <lines>
                <line number="132" hits="3"/>
              </lines>
            </method>
            <method name="(anonymous_10)" hits="3" signature="()V">
              <lines>
                <line number="133" hits="3"/>
              </lines>
            </method>
            <method name="(anonymous_11)" hits="3" signature="()V">
              <lines>
                <line number="136" hits="3"/>
              </lines>
            </method>
            <method name="(anonymous_12)" hits="1" signature="()V">
              <lines>
                <line number="157" hits="1"/>
              </lines>
            </method>
          </methods>
          <lines>
            <line number="3" hits="1" branch="false"/>
            <line number="4" hits="1" branch="false"/>
            <line number="5" hits="1" branch="false"/>
            <line number="6" hits="1" branch="false"/>
            <line number="7" hits="1" branch="false"/>
            <line number="8" hits="1" branch="false"/>
            <line number="10" hits="1" branch="false"/>
            <line number="11" hits="1" branch="false"/>
            <line number="20" hits="1" branch="false"/>
            <line number="21" hits="1" branch="false"/>
            <line number="22" hits="1" branch="false"/>
            <line number="27" hits="1" branch="false"/>
            <line number="28" hits="1" branch="false"/>
            <line number="29" hits="1" branch="false"/>
            <line number="30" hits="1" branch="false"/>
            <line number="33" hits="1" branch="false"/>
            <line number="34" hits="1" branch="false"/>
            <line number="36" hits="1" branch="false"/>
            <line number="39" hits="1" branch="false"/>
            <line number="40" hits="1" branch="false"/>
            <line number="41" hits="3" branch="false"/>
            <line number="42" hits="3" branch="false"/>
            <line number="44" hits="3" branch="false"/>
            <line number="48" hits="1" branch="false"/>
            <line number="50" hits="1" branch="false"/>
            <line number="58" hits="1" branch="false"/>
            <line number="66" hits="1" branch="false"/>
            <line number="74" hits="1" branch="false"/>
            <line number="83" hits="1" branch="false"/>
            <line number="91" hits="1" branch="false"/>
            <line number="99" hits="1" branch="false"/>
            <line number="105" hits="1" branch="false"/>
            <line number="106" hits="1" branch="false"/>
            <line number="110" hits="1" branch="false"/>
            <line number="112" hits="1" branch="false"/>
            <line number="115" hits="1" branch="false"/>
            <line number="116" hits="6" branch="false"/>
            <line number="117" hits="3" branch="false"/>
            <line number="118" hits="3" branch="false"/>
            <line number="121" hits="3" branch="true" condition-coverage="50% (1/2)"/>
            <line number="122" hits="0" branch="false"/>
            <line number="128" hits="3" branch="false"/>
            <line number="132" hits="1" branch="false"/>
            <line number="133" hits="3" branch="false"/>
            <line number="134" hits="3" branch="false"/>
            <line number="136" hits="3" branch="false"/>
            <line number="137" hits="3" branch="true" condition-coverage="50% (1/2)"/>
            <line number="141" hits="0" branch="false"/>
            <line number="145" hits="3" branch="true" condition-coverage="50% (1/2)"/>
            <line number="146" hits="0" branch="false"/>
            <line number="153" hits="3" branch="false"/>
            <line number="157" hits="1" branch="false"/>
            <line number="158" hits="1" branch="true" condition-coverage="50% (1/2)"/>
            <line number="162" hits="1" branch="false"/>
            <line number="165" hits="1" branch="false"/>
          </lines>
        </class>
        <class name="siteConfig.js" filename="siteConfig.js" line-rate="0.9231" branch-rate="1">
          <methods>
            <method name="(anonymous_0)" hits="88" signature="()V">
              <lines>
                <line number="162" hits="88"/>
              </lines>
            </method>
            <method name="(anonymous_1)" hits="440" signature="()V">
              <lines>
                <line number="165" hits="440"/>
              </lines>
            </method>
            <method name="(anonymous_2)" hits="349" signature="()V">
              <lines>
                <line number="166" hits="349"/>
              </lines>
            </method>
          </methods>
          <lines>
            <line number="3" hits="68" branch="false"/>
            <line number="5" hits="68" branch="false"/>
            <line number="162" hits="68" branch="false"/>
            <line number="163" hits="88" branch="false"/>
            <line number="165" hits="440" branch="false"/>
            <line number="167" hits="349" branch="false"/>
            <line number="171" hits="88" branch="false"/>
            <line number="173" hits="88" branch="false"/>
            <line number="174" hits="88" branch="false"/>
            <line number="175" hits="88" branch="false"/>
            <line number="177" hits="88" branch="false"/>
            <line number="179" hits="0" branch="false"/>
            <line number="183" hits="68" branch="false"/>
          </lines>
        </class>
      </classes>
    </package>
    <package name="staticman.controllers" line-rate="0.9097" branch-rate="0.8222">
      <classes>
        <class name="connect.js" filename="controllers/connect.js" line-rate="0.9048" branch-rate="0.7">
          <methods>
            <method name="(anonymous_0)" hits="3" signature="()V">
              <lines>
                <line number="7" hits="3"/>
              </lines>
            </method>
            <method name="(anonymous_1)" hits="3" signature="()V">
              <lines>
                <line number="19" hits="3"/>
              </lines>
            </method>
            <method name="(anonymous_2)" hits="2" signature="()V">
              <lines>
                <line number="22" hits="2"/>
              </lines>
            </method>
            <method name="(anonymous_3)" hits="2" signature="()V">
              <lines>
                <line number="37" hits="2"/>
              </lines>
            </method>
            <method name="(anonymous_4)" hits="1" signature="()V">
              <lines>
                <line number="43" hits="1"/>
              </lines>
            </method>
          </methods>
          <lines>
            <line number="3" hits="4" branch="false"/>
            <line number="4" hits="4" branch="false"/>
            <line number="5" hits="4" branch="false"/>
            <line number="7" hits="4" branch="false"/>
            <line number="8" hits="3" branch="true" condition-coverage="50% (1/2)"/>
            <line number="12" hits="3" branch="false"/>
            <line number="19" hits="3" branch="false"/>
            <line number="20" hits="3" branch="false"/>
            <line number="22" hits="3" branch="false"/>
            <line number="23" hits="2" branch="true" condition-coverage="100% (2/2)"/>
            <line number="24" hits="1" branch="false"/>
            <line number="26" hits="1" branch="false"/>
            <line number="30" hits="2" branch="true" condition-coverage="100% (2/2)"/>
            <line number="31" hits="1" branch="false"/>
            <line number="35" hits="1" branch="false"/>
            <line number="38" hits="2" branch="false"/>
            <line number="40" hits="2" branch="true" condition-coverage="50% (1/2)"/>
            <line number="41" hits="0" branch="false"/>
            <line number="44" hits="1" branch="false"/>
            <line number="46" hits="1" branch="true" condition-coverage="50% (1/2)"/>
            <line number="47" hits="0" branch="false"/>
          </lines>
        </class>
        <class name="encrypt.js" filename="controllers/encrypt.js" line-rate="0.8571" branch-rate="0.5">
          <methods>
            <method name="(anonymous_0)" hits="1" signature="()V">
              <lines>
                <line number="6" hits="1"/>
              </lines>
            </method>
          </methods>
          <lines>
            <line number="3" hits="2" branch="false"/>
            <line number="4" hits="2" branch="false"/>
            <line number="6" hits="2" branch="false"/>
            <line number="7" hits="1" branch="false"/>
            <line number="9" hits="1" branch="true" condition-coverage="50% (1/2)"/>
            <line number="10" hits="0" branch="false"/>
            <line number="13" hits="1" branch="false"/>
          </lines>
        </class>
        <class name="githubAuth.js" filename="controllers/githubAuth.js" line-rate="0.8462000000000001" branch-rate="1">
          <methods>
            <method name="(anonymous_0)" hits="1" signature="()V">
              <lines>
                <line number="7" hits="1"/>
              </lines>
            </method>
            <method name="(anonymous_1)" hits="1" signature="()V">
              <lines>
                <line number="12" hits="1"/>
              </lines>
            </method>
            <method name="(anonymous_2)" hits="1" signature="()V">
              <lines>
                <line number="19" hits="1"/>
              </lines>
            </method>
            <method name="(anonymous_3)" hits="1" signature="()V">
              <lines>
                <line number="24" hits="1"/>
              </lines>
            </method>
            <method name="(anonymous_4)" hits="0" signature="()V">
              <lines>
                <line number="31" hits="0"/>
              </lines>
            </method>
          </methods>
          <lines>
            <line number="3" hits="2" branch="false"/>
            <line number="4" hits="2" branch="false"/>
            <line number="5" hits="2" branch="false"/>
            <line number="7" hits="2" branch="false"/>
            <line number="8" hits="1" branch="false"/>
            <line number="9" hits="1" branch="false"/>
            <line number="11" hits="1" branch="false"/>
            <line number="13" hits="1" branch="false"/>
            <line number="20" hits="1" branch="false"/>
            <line number="23" hits="1" branch="false"/>
            <line number="25" hits="1" branch="false"/>
            <line number="32" hits="0" branch="false"/>
            <line number="33" hits="0" branch="false"/>
          </lines>
        </class>
        <class name="handlePR.js" filename="controllers/handlePR.js" line-rate="0.871" branch-rate="0.7273000000000001">
          <methods>
            <method name="(anonymous_0)" hits="4" signature="()V">
              <lines>
                <line number="7" hits="4"/>
              </lines>
            </method>
            <method name="(anonymous_1)" hits="4" signature="()V">
              <lines>
                <line number="22" hits="4"/>
              </lines>
            </method>
            <method name="(anonymous_2)" hits="0" signature="()V">
              <lines>
                <line number="41" hits="0"/>
              </lines>
            </method>
            <method name="(anonymous_3)" hits="3" signature="()V">
              <lines>
                <line number="49" hits="3"/>
              </lines>
            </method>
            <method name="(anonymous_4)" hits="1" signature="()V">
              <lines>
                <line number="55" hits="1"/>
              </lines>
            </method>
          </methods>
          <lines>
            <line number="3" hits="5" branch="false"/>
            <line number="4" hits="5" branch="false"/>
            <line number="5" hits="5" branch="false"/>
            <line number="7" hits="5" branch="false"/>
            <line number="8" hits="4" branch="true" condition-coverage="50% (1/2)"/>
            <line number="12" hits="4" branch="true" condition-coverage="50% (1/2)"/>
            <line number="13" hits="0" branch="false"/>
            <line number="16" hits="4" branch="false"/>
            <line number="22" hits="4" branch="false"/>
            <line number="23" hits="4" branch="true" condition-coverage="100% (2/2)"/>
            <line number="24" hits="1" branch="false"/>
            <line number="27" hits="3" branch="true" condition-coverage="100% (4/4)"/>
            <line number="28" hits="1" branch="false"/>
            <line number="31" hits="2" branch="true" condition-coverage="50% (1/2)"/>
            <line number="32" hits="2" branch="false"/>
            <line number="34" hits="2" branch="true" condition-coverage="75% (3/4)"/>
            <line number="35" hits="2" branch="false"/>
            <line number="36" hits="2" branch="false"/>
            <line number="37" hits="2" branch="false"/>
            <line number="39" hits="2" branch="false"/>
            <line number="40" hits="2" branch="false"/>
            <line number="41" hits="0" branch="false"/>
            <line number="43" hits="1" branch="false"/>
            <line number="48" hits="1" branch="false"/>
            <line number="50" hits="3" branch="true" condition-coverage="50% (1/2)"/>
            <line number="51" hits="0" branch="false"/>
            <line number="54" hits="3" branch="false"/>
            <line number="56" hits="1" branch="true" condition-coverage="100% (2/2)"/>
            <line number="58" hits="1" branch="true" condition-coverage="50% (1/2)"/>
            <line number="59" hits="0" branch="false"/>
            <line number="62" hits="1" branch="false"/>
          </lines>
        </class>
        <class name="home.js" filename="controllers/home.js" line-rate="0.6667000000000001" branch-rate="1">
          <methods>
            <method name="(anonymous_0)" hits="0" signature="()V">
              <lines>
                <line number="5" hits="0"/>
              </lines>
            </method>
          </methods>
          <lines>
            <line number="3" hits="1" branch="false"/>
            <line number="5" hits="1" branch="false"/>
            <line number="6" hits="0" branch="false"/>
          </lines>
        </class>
        <class name="process.js" filename="controllers/process.js" line-rate="0.9565" branch-rate="0.8929">
          <methods>
            <method name="checkRecaptcha" hits="12" signature="()V">
              <lines>
                <line number="10" hits="12"/>
              </lines>
            </method>
            <method name="(anonymous_1)" hits="12" signature="()V">
              <lines>
                <line number="11" hits="12"/>
              </lines>
            </method>
            <method name="(anonymous_2)" hits="11" signature="()V">
              <lines>
                <line number="12" hits="11"/>
              </lines>
            </method>
            <method name="(anonymous_3)" hits="2" signature="()V">
              <lines>
                <line number="39" hits="2"/>
              </lines>
            </method>
            <method name="(anonymous_4)" hits="1" signature="()V">
              <lines>
                <line number="46" hits="1"/>
              </lines>
            </method>
            <method name="createConfigObject" hits="5" signature="()V">
              <lines>
                <line number="50" hits="5"/>
              </lines>
            </method>
            <method name="process" hits="3" signature="()V">
              <lines>
                <line number="64" hits="3"/>
              </lines>
            </method>
            <method name="(anonymous_7)" hits="2" signature="()V">
              <lines>
                <line number="71" hits="2"/>
              </lines>
            </method>
            <method name="sendResponse" hits="9" signature="()V">
              <lines>
                <line number="83" hits="9"/>
              </lines>
            </method>
            <method name="(anonymous_9)" hits="3" signature="()V">
              <lines>
                <line number="123" hits="3"/>
              </lines>
            </method>
            <method name="(anonymous_10)" hits="0" signature="()V">
              <lines>
                <line number="130" hits="0"/>
              </lines>
            </method>
            <method name="(anonymous_11)" hits="3" signature="()V">
              <lines>
                <line number="132" hits="3"/>
              </lines>
            </method>
          </methods>
          <lines>
            <line number="3" hits="14" branch="false"/>
            <line number="4" hits="14" branch="false"/>
            <line number="5" hits="14" branch="false"/>
            <line number="6" hits="14" branch="false"/>
            <line number="7" hits="14" branch="false"/>
            <line number="8" hits="14" branch="false"/>
            <line number="11" hits="12" branch="false"/>
            <line number="12" hits="12" branch="false"/>
            <line number="13" hits="11" branch="true" condition-coverage="100% (2/2)"/>
            <line number="14" hits="1" branch="false"/>
            <line number="17" hits="10" branch="true" condition-coverage="100% (2/2)"/>
            <line number="19" hits="10" branch="true" condition-coverage="100% (5/5)"/>
            <line number="20" hits="3" branch="false"/>
            <line number="25" hits="7" branch="false"/>
            <line number="26" hits="7" branch="false"/>
            <line number="28" hits="4" branch="false"/>
            <line number="31" hits="3" branch="true" condition-coverage="100% (2/2)"/>
            <line number="35" hits="1" branch="false"/>
            <line number="38" hits="2" branch="false"/>
            <line number="39" hits="2" branch="false"/>
            <line number="40" hits="2" branch="true" condition-coverage="100% (2/2)"/>
            <line number="41" hits="1" branch="false"/>
            <line number="44" hits="1" branch="false"/>
            <line number="46" hits="1" branch="false"/>
            <line number="51" hits="5" branch="false"/>
            <line number="53" hits="5" branch="true" condition-coverage="100% (2/2)"/>
            <line number="54" hits="2" branch="false"/>
            <line number="55" hits="2" branch="false"/>
            <line number="57" hits="3" branch="false"/>
            <line number="58" hits="3" branch="true" condition-coverage="100% (2/2)"/>
            <line number="61" hits="5" branch="false"/>
            <line number="65" hits="3" branch="true" condition-coverage="50% (1/2)"/>
            <line number="68" hits="3" branch="true" condition-coverage="100% (2/2)"/>
            <line number="69" hits="3" branch="true" condition-coverage="66.66666666666666% (2/3)"/>
            <line number="71" hits="3" branch="false"/>
            <line number="72" hits="2" branch="false"/>
            <line number="77" hits="2" branch="true" condition-coverage="50% (1/2)"/>
            <line number="78" hits="0" branch="false"/>
            <line number="84" hits="9" branch="true" condition-coverage="100% (2/2)"/>
            <line number="85" hits="9" branch="true" condition-coverage="100% (2/2)"/>
            <line number="87" hits="9" branch="true" condition-coverage="100% (4/4)"/>
            <line number="88" hits="2" branch="false"/>
            <line number="91" hits="7" branch="true" condition-coverage="100% (4/4)"/>
            <line number="92" hits="1" branch="false"/>
            <line number="95" hits="6" branch="false"/>
            <line number="99" hits="6" branch="true" condition-coverage="100% (4/4)"/>
            <line number="100" hits="4" branch="false"/>
            <line number="101" hits="4" branch="false"/>
            <line number="103" hits="4" branch="true" condition-coverage="50% (1/2)"/>
            <line number="104" hits="4" branch="false"/>
            <line number="107" hits="4" branch="true" condition-coverage="50% (1/2)"/>
            <line number="108" hits="0" branch="false"/>
            <line number="111" hits="4" branch="true" condition-coverage="50% (1/2)"/>
            <line number="112" hits="4" branch="false"/>
            <line number="115" hits="4" branch="false"/>
            <line number="117" hits="2" branch="false"/>
            <line number="120" hits="6" branch="false"/>
            <line number="123" hits="14" branch="false"/>
            <line number="124" hits="3" branch="false"/>
            <line number="126" hits="3" branch="false"/>
            <line number="127" hits="3" branch="true" condition-coverage="100% (2/2)"/>
            <line number="128" hits="3" branch="false"/>
            <line number="130" hits="3" branch="false"/>
            <line number="131" hits="0" branch="false"/>
            <line number="133" hits="3" branch="false"/>
            <line number="141" hits="14" branch="false"/>
            <line number="142" hits="14" branch="false"/>
            <line number="143" hits="14" branch="false"/>
            <line number="144" hits="14" branch="false"/>
          </lines>
        </class>
      </classes>
    </package>
    <package name="staticman.lib" line-rate="0.7646" branch-rate="0.6773">
      <classes>
        <class name="ErrorHandler.js" filename="lib/ErrorHandler.js" line-rate="0.7857" branch-rate="0.8332999999999999">
          <methods>
            <method name="(anonymous_0)" hits="99" signature="()V">
              <lines>
                <line number="3" hits="99"/>
              </lines>
            </method>
            <method name="(anonymous_1)" hits="5" signature="()V">
              <lines>
                <line number="24" hits="5"/>
              </lines>
            </method>
            <method name="(anonymous_2)" hits="5" signature="()V">
              <lines>
                <line number="28" hits="5"/>
              </lines>
            </method>
            <method name="(anonymous_3)" hits="0" signature="()V">
              <lines>
                <line number="32" hits="0"/>
              </lines>
            </method>
            <method name="(anonymous_4)" hits="32" signature="()V">
              <lines>
                <line number="45" hits="32"/>
              </lines>
            </method>
            <method name="(anonymous_5)" hits="32" signature="()V">
              <lines>
                <line number="67" hits="32"/>
              </lines>
            </method>
            <method name="(anonymous_6)" hits="9" signature="()V">
              <lines>
                <line number="71" hits="9"/>
              </lines>
            </method>
          </methods>
          <lines>
            <line number="3" hits="99" branch="false"/>
            <line number="4" hits="99" branch="false"/>
            <line number="16" hits="99" branch="false"/>
            <line number="24" hits="99" branch="false"/>
            <line number="25" hits="5" branch="true" condition-coverage="100% (2/2)"/>
            <line number="28" hits="99" branch="false"/>
            <line number="29" hits="5" branch="false"/>
            <line number="32" hits="99" branch="false"/>
            <line number="33" hits="0" branch="false"/>
            <line number="34" hits="0" branch="false"/>
            <line number="36" hits="0" branch="true" condition-coverage="0% (0/2)"/>
            <line number="37" hits="0" branch="false"/>
            <line number="39" hits="0" branch="false"/>
            <line number="42" hits="0" branch="false"/>
            <line number="45" hits="99" branch="false"/>
            <line number="46" hits="32" branch="true" condition-coverage="100% (2/2)"/>
            <line number="48" hits="32" branch="true" condition-coverage="100% (2/2)"/>
            <line number="49" hits="8" branch="true" condition-coverage="100% (2/2)"/>
            <line number="51" hits="8" branch="false"/>
            <line number="54" hits="24" branch="false"/>
            <line number="58" hits="24" branch="true" condition-coverage="100% (2/2)"/>
            <line number="59" hits="4" branch="false"/>
            <line number="62" hits="24" branch="false"/>
            <line number="65" hits="99" branch="false"/>
            <line number="67" hits="99" branch="false"/>
            <line number="68" hits="32" branch="false"/>
            <line number="71" hits="99" branch="false"/>
            <line number="72" hits="9" branch="false"/>
          </lines>
        </class>
        <class name="GitHub.js" filename="lib/GitHub.js" line-rate="0.9" branch-rate="0.5556">
          <methods>
            <method name="(anonymous_0)" hits="19" signature="()V">
              <lines>
                <line number="9" hits="19"/>
              </lines>
            </method>
            <method name="(anonymous_1)" hits="90" signature="()V">
              <lines>
                <line number="12" hits="90"/>
              </lines>
            </method>
            <method name="(anonymous_2)" hits="2" signature="()V">
              <lines>
                <line number="39" hits="2"/>
              </lines>
            </method>
            <method name="(anonymous_3)" hits="1" signature="()V">
              <lines>
                <line number="48" hits="1"/>
              </lines>
            </method>
            <method name="(anonymous_4)" hits="0" signature="()V">
              <lines>
                <line number="49" hits="0"/>
              </lines>
            </method>
            <method name="(anonymous_5)" hits="10" signature="()V">
              <lines>
                <line number="52" hits="10"/>
              </lines>
            </method>
            <method name="(anonymous_6)" hits="1" signature="()V">
              <lines>
                <line number="60" hits="1"/>
              </lines>
            </method>
            <method name="(anonymous_7)" hits="4" signature="()V">
              <lines>
                <line number="63" hits="4"/>
              </lines>
            </method>
            <method name="(anonymous_8)" hits="4" signature="()V">
              <lines>
                <line number="75" hits="4"/>
              </lines>
            </method>
            <method name="(anonymous_9)" hits="1" signature="()V">
              <lines>
                <line number="77" hits="1"/>
              </lines>
            </method>
            <method name="(anonymous_10)" hits="2" signature="()V">
              <lines>
                <line number="98" hits="2"/>
              </lines>
            </method>
            <method name="(anonymous_11)" hits="1" signature="()V">
              <lines>
                <line number="104" hits="1"/>
              </lines>
            </method>
            <method name="(anonymous_12)" hits="1" signature="()V">
              <lines>
                <line number="107" hits="1"/>
              </lines>
            </method>
            <method name="(anonymous_13)" hits="1" signature="()V">
              <lines>
                <line number="117" hits="1"/>
              </lines>
            </method>
            <method name="(anonymous_14)" hits="1" signature="()V">
              <lines>
                <line number="125" hits="1"/>
              </lines>
            </method>
            <method name="(anonymous_15)" hits="4" signature="()V">
              <lines>
                <line number="137" hits="4"/>
              </lines>
            </method>
            <method name="(anonymous_16)" hits="4" signature="()V">
              <lines>
                <line number="144" hits="4"/>
              </lines>
            </method>
            <method name="(anonymous_17)" hits="10" signature="()V">
              <lines>
                <line number="153" hits="10"/>
              </lines>
            </method>
            <method name="(anonymous_18)" hits="3" signature="()V">
              <lines>
                <line number="155" hits="3"/>
              </lines>
            </method>
            <method name="(anonymous_19)" hits="2" signature="()V">
              <lines>
                <line number="158" hits="2"/>
              </lines>
            </method>
            <method name="(anonymous_20)" hits="1" signature="()V">
              <lines>
                <line number="160" hits="1"/>
              </lines>
            </method>
            <method name="(anonymous_21)" hits="1" signature="()V">
              <lines>
                <line number="163" hits="1"/>
              </lines>
            </method>
          </methods>
          <lines>
            <line number="3" hits="86" branch="false"/>
            <line number="4" hits="86" branch="false"/>
            <line number="5" hits="86" branch="false"/>
            <line number="6" hits="86" branch="false"/>
            <line number="7" hits="86" branch="false"/>
            <line number="9" hits="86" branch="false"/>
            <line number="13" hits="90" branch="false"/>
            <line number="15" hits="90" branch="false"/>
            <line number="24" hits="90" branch="true" condition-coverage="100% (2/2)"/>
            <line number="25" hits="2" branch="false"/>
            <line number="29" hits="88" branch="true" condition-coverage="100% (2/2)"/>
            <line number="30" hits="87" branch="false"/>
            <line number="35" hits="1" branch="false"/>
            <line number="40" hits="2" branch="false"/>
            <line number="48" hits="1" branch="false"/>
            <line number="49" hits="0" branch="false"/>
            <line number="53" hits="10" branch="false"/>
            <line number="60" hits="1" branch="false"/>
            <line number="64" hits="4" branch="false"/>
            <line number="76" hits="4" branch="false"/>
            <line number="78" hits="1" branch="false"/>
            <line number="79" hits="1" branch="true" condition-coverage="50% (1/2)"/>
            <line number="81" hits="1" branch="true" condition-coverage="50% (1/2)"/>
            <line number="82" hits="0" branch="false"/>
            <line number="84" hits="0" branch="true" condition-coverage="0% (0/2)"/>
            <line number="89" hits="0" branch="false"/>
            <line number="94" hits="1" branch="false"/>
            <line number="99" hits="2" branch="false"/>
            <line number="104" hits="1" branch="false"/>
            <line number="108" hits="1" branch="false"/>
            <line number="118" hits="1" branch="false"/>
            <line number="126" hits="1" branch="false"/>
            <line number="138" hits="4" branch="false"/>
            <line number="144" hits="4" branch="false"/>
            <line number="154" hits="10" branch="false"/>
            <line number="155" hits="3" branch="false"/>
            <line number="159" hits="2" branch="false"/>
            <line number="160" hits="1" branch="false"/>
            <line number="164" hits="1" branch="false"/>
            <line number="169" hits="86" branch="false"/>
          </lines>
        </class>
        <class name="GitLab.js" filename="lib/GitLab.js" line-rate="0.3" branch-rate="0.22219999999999998">
          <methods>
            <method name="(anonymous_0)" hits="1" signature="()V">
              <lines>
                <line number="8" hits="1"/>
              </lines>
            </method>
            <method name="(anonymous_1)" hits="0" signature="()V">
              <lines>
                <line number="28" hits="0"/>
              </lines>
            </method>
            <method name="(anonymous_2)" hits="0" signature="()V">
              <lines>
                <line number="30" hits="0"/>
              </lines>
            </method>
            <method name="(anonymous_3)" hits="0" signature="()V">
              <lines>
                <line number="33" hits="0"/>
              </lines>
            </method>
            <method name="(anonymous_4)" hits="0" signature="()V">
              <lines>
                <line number="44" hits="0"/>
              </lines>
            </method>
            <method name="(anonymous_5)" hits="0" signature="()V">
              <lines>
                <line number="46" hits="0"/>
              </lines>
            </method>
            <method name="(anonymous_6)" hits="0" signature="()V">
              <lines>
                <line number="49" hits="0"/>
              </lines>
            </method>
            <method name="(anonymous_7)" hits="0" signature="()V">
              <lines>
                <line number="53" hits="0"/>
              </lines>
            </method>
            <method name="(anonymous_8)" hits="0" signature="()V">
              <lines>
                <line number="57" hits="0"/>
              </lines>
            </method>
            <method name="(anonymous_9)" hits="0" signature="()V">
              <lines>
                <line number="64" hits="0"/>
              </lines>
            </method>
            <method name="(anonymous_10)" hits="0" signature="()V">
              <lines>
                <line number="66" hits="0"/>
              </lines>
            </method>
            <method name="(anonymous_11)" hits="0" signature="()V">
              <lines>
                <line number="82" hits="0"/>
              </lines>
            </method>
            <method name="(anonymous_12)" hits="0" signature="()V">
              <lines>
                <line number="84" hits="0"/>
              </lines>
            </method>
            <method name="(anonymous_13)" hits="0" signature="()V">
              <lines>
                <line number="87" hits="0"/>
              </lines>
            </method>
            <method name="(anonymous_14)" hits="0" signature="()V">
              <lines>
                <line number="89" hits="0"/>
              </lines>
            </method>
            <method name="(anonymous_15)" hits="0" signature="()V">
              <lines>
                <line number="98" hits="0"/>
              </lines>
            </method>
            <method name="(anonymous_16)" hits="0" signature="()V">
              <lines>
                <line number="100" hits="0"/>
              </lines>
            </method>
            <method name="(anonymous_17)" hits="0" signature="()V">
              <lines>
                <line number="103" hits="0"/>
              </lines>
            </method>
          </methods>
          <lines>
            <line number="3" hits="62" branch="false"/>
            <line number="4" hits="62" branch="false"/>
            <line number="5" hits="62" branch="false"/>
            <line number="9" hits="1" branch="false"/>
            <line number="11" hits="1" branch="false"/>
            <line number="13" hits="1" branch="true" condition-coverage="50% (1/2)"/>
            <line number="14" hits="0" branch="false"/>
            <line number="18" hits="1" branch="true" condition-coverage="50% (1/2)"/>
            <line number="19" hits="1" branch="false"/>
            <line number="24" hits="0" branch="false"/>
            <line number="29" hits="0" branch="false"/>
            <line number="30" hits="0" branch="false"/>
            <line number="34" hits="0" branch="false"/>
            <line number="45" hits="0" branch="false"/>
            <line number="46" hits="0" branch="false"/>
            <line number="50" hits="0" branch="false"/>
            <line number="54" hits="0" branch="false"/>
            <line number="58" hits="0" branch="false"/>
            <line number="65" hits="0" branch="false"/>
            <line number="72" hits="0" branch="false"/>
            <line number="83" hits="0" branch="false"/>
            <line number="84" hits="0" branch="false"/>
            <line number="88" hits="0" branch="false"/>
            <line number="90" hits="0" branch="true" condition-coverage="0% (0/4)"/>
            <line number="91" hits="0" branch="false"/>
            <line number="94" hits="0" branch="false"/>
            <line number="99" hits="0" branch="false"/>
            <line number="100" hits="0" branch="false"/>
            <line number="104" hits="0" branch="false"/>
            <line number="108" hits="62" branch="false"/>
          </lines>
        </class>
        <class name="GitService.js" filename="lib/GitService.js" line-rate="0.7576" branch-rate="0.6364">
          <methods>
            <method name="(anonymous_0)" hits="91" signature="()V">
              <lines>
                <line number="7" hits="91"/>
              </lines>
            </method>
            <method name="(anonymous_1)" hits="0" signature="()V">
              <lines>
                <line number="13" hits="0"/>
              </lines>
            </method>
            <method name="(anonymous_2)" hits="0" signature="()V">
              <lines>
                <line number="17" hits="0"/>
              </lines>
            </method>
            <method name="(anonymous_3)" hits="0" signature="()V">
              <lines>
                <line number="21" hits="0"/>
              </lines>
            </method>
            <method name="(anonymous_4)" hits="0" signature="()V">
              <lines>
                <line number="25" hits="0"/>
              </lines>
            </method>
            <method name="(anonymous_5)" hits="0" signature="()V">
              <lines>
                <line number="29" hits="0"/>
              </lines>
            </method>
            <method name="(anonymous_6)" hits="0" signature="()V">
              <lines>
                <line number="33" hits="0"/>
              </lines>
            </method>
            <method name="(anonymous_7)" hits="0" signature="()V">
              <lines>
                <line number="37" hits="0"/>
              </lines>
            </method>
            <method name="(anonymous_8)" hits="0" signature="()V">
              <lines>
                <line number="41" hits="0"/>
              </lines>
            </method>
            <method name="(anonymous_9)" hits="10" signature="()V">
              <lines>
                <line number="45" hits="10"/>
              </lines>
            </method>
            <method name="(anonymous_10)" hits="9" signature="()V">
              <lines>
                <line number="48" hits="9"/>
              </lines>
            </method>
            <method name="(anonymous_11)" hits="4" signature="()V">
              <lines>
                <line number="85" hits="4"/>
              </lines>
            </method>
            <method name="(anonymous_12)" hits="2" signature="()V">
              <lines>
                <line number="89" hits="2"/>
              </lines>
            </method>
            <method name="(anonymous_13)" hits="1" signature="()V">
              <lines>
                <line number="91" hits="1"/>
              </lines>
            </method>
            <method name="(anonymous_14)" hits="1" signature="()V">
              <lines>
                <line number="92" hits="1"/>
              </lines>
            </method>
            <method name="(anonymous_15)" hits="1" signature="()V">
              <lines>
                <line number="93" hits="1"/>
              </lines>
            </method>
          </methods>
          <lines>
            <line number="3" hits="86" branch="false"/>
            <line number="4" hits="86" branch="false"/>
            <line number="8" hits="91" branch="false"/>
            <line number="9" hits="91" branch="false"/>
            <line number="10" hits="91" branch="false"/>
            <line number="14" hits="0" branch="false"/>
            <line number="18" hits="0" branch="false"/>
            <line number="22" hits="0" branch="false"/>
            <line number="26" hits="0" branch="false"/>
            <line number="30" hits="0" branch="false"/>
            <line number="34" hits="0" branch="false"/>
            <line number="38" hits="0" branch="false"/>
            <line number="42" hits="0" branch="false"/>
            <line number="46" hits="10" branch="false"/>
            <line number="48" hits="10" branch="false"/>
            <line number="49" hits="9" branch="false"/>
            <line number="51" hits="9" branch="false"/>
            <line number="52" hits="9" branch="true" condition-coverage="100% (3/3)"/>
            <line number="55" hits="6" branch="false"/>
            <line number="57" hits="4" branch="false"/>
            <line number="60" hits="2" branch="false"/>
            <line number="62" hits="2" branch="false"/>
            <line number="65" hits="7" branch="true" condition-coverage="100% (2/2)"/>
            <line number="72" hits="2" branch="false"/>
            <line number="76" hits="2" branch="true" condition-coverage="50% (1/2)"/>
            <line number="77" hits="2" branch="false"/>
            <line number="80" hits="2" branch="false"/>
            <line number="86" hits="4" branch="false"/>
            <line number="90" hits="2" branch="false"/>
            <line number="91" hits="1" branch="false"/>
            <line number="92" hits="1" branch="false"/>
            <line number="93" hits="1" branch="false"/>
            <line number="97" hits="86" branch="false"/>
          </lines>
        </class>
        <class name="Logger.js" filename="lib/Logger.js" line-rate="0" branch-rate="0">
          <methods>
            <method name="(anonymous_0)" hits="0" signature="()V">
              <lines>
                <line number="6" hits="0"/>
              </lines>
            </method>
            <method name="(anonymous_1)" hits="0" signature="()V">
              <lines>
                <line number="14" hits="0"/>
              </lines>
            </method>
            <method name="(anonymous_2)" hits="0" signature="()V">
              <lines>
                <line number="24" hits="0"/>
              </lines>
            </method>
          </methods>
          <lines>
            <line number="1" hits="0" branch="false"/>
            <line number="2" hits="0" branch="false"/>
            <line number="3" hits="0" branch="false"/>
            <line number="4" hits="0" branch="false"/>
            <line number="6" hits="0" branch="false"/>
            <line number="7" hits="0" branch="false"/>
            <line number="13" hits="0" branch="true" condition-coverage="0% (0/2)"/>
            <line number="14" hits="0" branch="false"/>
            <line number="16" hits="0" branch="false"/>
            <line number="21" hits="0" branch="false"/>
            <line number="24" hits="0" branch="false"/>
            <line number="25" hits="0" branch="true" condition-coverage="0% (0/2)"/>
            <line number="29" hits="0" branch="false"/>
            <line number="32" hits="0" branch="false"/>
            <line number="34" hits="0" branch="false"/>
          </lines>
        </class>
        <class name="Notification.js" filename="lib/Notification.js" line-rate="0.7857" branch-rate="0.375">
          <methods>
            <method name="(anonymous_0)" hits="2" signature="()V">
              <lines>
                <line number="6" hits="2"/>
              </lines>
            </method>
            <method name="(anonymous_1)" hits="3" signature="()V">
              <lines>
                <line number="10" hits="3"/>
              </lines>
            </method>
            <method name="(anonymous_2)" hits="1" signature="()V">
              <lines>
                <line number="27" hits="1"/>
              </lines>
            </method>
            <method name="(anonymous_3)" hits="1" signature="()V">
              <lines>
                <line number="30" hits="1"/>
              </lines>
            </method>
            <method name="(anonymous_4)" hits="0" signature="()V">
              <lines>
                <line number="36" hits="0"/>
              </lines>
            </method>
          </methods>
          <lines>
            <line number="3" hits="60" branch="false"/>
            <line number="4" hits="60" branch="false"/>
            <line number="6" hits="60" branch="false"/>
            <line number="7" hits="2" branch="false"/>
            <line number="10" hits="60" branch="false"/>
            <line number="11" hits="3" branch="false"/>
            <line number="27" hits="60" branch="false"/>
            <line number="28" hits="1" branch="true" condition-coverage="50% (1/2)"/>
            <line number="30" hits="1" branch="false"/>
            <line number="31" hits="1" branch="false"/>
            <line number="37" hits="0" branch="true" condition-coverage="0% (0/2)"/>
            <line number="38" hits="0" branch="false"/>
            <line number="41" hits="0" branch="false"/>
            <line number="46" hits="60" branch="false"/>
          </lines>
        </class>
        <class name="RSA.js" filename="lib/RSA.js" line-rate="0.7143" branch-rate="1">
          <methods>
            <method name="(anonymous_0)" hits="2" signature="()V">
              <lines>
                <line number="8" hits="2"/>
              </lines>
            </method>
            <method name="(anonymous_1)" hits="0" signature="()V">
              <lines>
                <line number="18" hits="0"/>
              </lines>
            </method>
          </methods>
          <lines>
            <line number="1" hits="63" branch="false"/>
            <line number="2" hits="63" branch="false"/>
            <line number="3" hits="63" branch="false"/>
            <line number="4" hits="63" branch="false"/>
            <line number="6" hits="63" branch="false"/>
            <line number="8" hits="63" branch="false"/>
            <line number="9" hits="2" branch="false"/>
            <line number="10" hits="2" branch="false"/>
            <line number="12" hits="2" branch="false"/>
            <line number="14" hits="0" branch="false"/>
            <line number="18" hits="63" branch="false"/>
            <line number="19" hits="0" branch="false"/>
            <line number="20" hits="0" branch="false"/>
            <line number="22" hits="0" branch="false"/>
          </lines>
        </class>
        <class name="Staticman.js" filename="lib/Staticman.js" line-rate="0.9262" branch-rate="0.8417">
          <methods>
            <method name="(anonymous_0)" hits="67" signature="()V">
              <lines>
                <line number="21" hits="67"/>
              </lines>
            </method>
            <method name="(anonymous_1)" hits="9" signature="()V">
              <lines>
                <line number="52" hits="9"/>
              </lines>
            </method>
            <method name="(anonymous_2)" hits="6" signature="()V">
              <lines>
                <line number="65" hits="6"/>
              </lines>
            </method>
            <method name="(anonymous_3)" hits="6" signature="()V">
              <lines>
                <line number="70" hits="6"/>
              </lines>
            </method>
            <method name="(anonymous_4)" hits="7" signature="()V">
              <lines>
                <line number="107" hits="7"/>
              </lines>
            </method>
            <method name="(anonymous_5)" hits="7" signature="()V">
              <lines>
                <line number="116" hits="7"/>
              </lines>
            </method>
            <method name="(anonymous_6)" hits="8" signature="()V">
              <lines>
                <line number="121" hits="8"/>
              </lines>
            </method>
            <method name="(anonymous_7)" hits="6" signature="()V">
              <lines>
                <line number="129" hits="6"/>
              </lines>
            </method>
            <method name="(anonymous_8)" hits="4" signature="()V">
              <lines>
                <line number="134" hits="4"/>
              </lines>
            </method>
            <method name="(anonymous_9)" hits="3" signature="()V">
              <lines>
                <line number="137" hits="3"/>
              </lines>
            </method>
            <method name="(anonymous_10)" hits="3" signature="()V">
              <lines>
                <line number="151" hits="3"/>
              </lines>
            </method>
            <method name="(anonymous_11)" hits="6" signature="()V">
              <lines>
                <line number="161" hits="6"/>
              </lines>
            </method>
            <method name="(anonymous_12)" hits="0" signature="()V">
              <lines>
                <line number="180" hits="0"/>
              </lines>
            </method>
            <method name="(anonymous_13)" hits="9" signature="()V">
              <lines>
                <line number="187" hits="9"/>
              </lines>
            </method>
            <method name="(anonymous_14)" hits="11" signature="()V">
              <lines>
                <line number="205" hits="11"/>
              </lines>
            </method>
            <method name="(anonymous_15)" hits="11" signature="()V">
              <lines>
                <line number="206" hits="11"/>
              </lines>
            </method>
            <method name="(anonymous_16)" hits="1" signature="()V">
              <lines>
                <line number="224" hits="1"/>
              </lines>
            </method>
            <method name="(anonymous_17)" hits="4" signature="()V">
              <lines>
                <line number="251" hits="4"/>
              </lines>
            </method>
            <method name="(anonymous_18)" hits="18" signature="()V">
              <lines>
                <line number="256" hits="18"/>
              </lines>
            </method>
            <method name="(anonymous_19)" hits="11" signature="()V">
              <lines>
                <line number="276" hits="11"/>
              </lines>
            </method>
            <method name="(anonymous_20)" hits="14" signature="()V">
              <lines>
                <line number="302" hits="14"/>
              </lines>
            </method>
            <method name="(anonymous_21)" hits="4" signature="()V">
              <lines>
                <line number="316" hits="4"/>
              </lines>
            </method>
            <method name="(anonymous_22)" hits="30" signature="()V">
              <lines>
                <line number="331" hits="30"/>
              </lines>
            </method>
            <method name="(anonymous_23)" hits="20" signature="()V">
              <lines>
                <line number="336" hits="20"/>
              </lines>
            </method>
            <method name="(anonymous_24)" hits="7" signature="()V">
              <lines>
                <line number="371" hits="7"/>
              </lines>
            </method>
            <method name="(anonymous_25)" hits="24" signature="()V">
              <lines>
                <line number="386" hits="24"/>
              </lines>
            </method>
            <method name="(anonymous_26)" hits="8" signature="()V">
              <lines>
                <line number="403" hits="8"/>
              </lines>
            </method>
            <method name="(anonymous_27)" hits="34" signature="()V">
              <lines>
                <line number="407" hits="34"/>
              </lines>
            </method>
            <method name="(anonymous_28)" hits="24" signature="()V">
              <lines>
                <line number="420" hits="24"/>
              </lines>
            </method>
            <method name="(anonymous_29)" hits="2" signature="()V">
              <lines>
                <line number="441" hits="2"/>
              </lines>
            </method>
            <method name="(anonymous_30)" hits="1" signature="()V">
              <lines>
                <line number="445" hits="1"/>
              </lines>
            </method>
            <method name="(anonymous_31)" hits="15" signature="()V">
              <lines>
                <line number="449" hits="15"/>
              </lines>
            </method>
            <method name="(anonymous_32)" hits="6" signature="()V">
              <lines>
                <line number="454" hits="6"/>
              </lines>
            </method>
            <method name="(anonymous_33)" hits="6" signature="()V">
              <lines>
                <line number="470" hits="6"/>
              </lines>
            </method>
            <method name="(anonymous_34)" hits="6" signature="()V">
              <lines>
                <line number="474" hits="6"/>
              </lines>
            </method>
            <method name="(anonymous_35)" hits="6" signature="()V">
              <lines>
                <line number="476" hits="6"/>
              </lines>
            </method>
            <method name="(anonymous_36)" hits="5" signature="()V">
              <lines>
                <line number="478" hits="5"/>
              </lines>
            </method>
            <method name="(anonymous_37)" hits="4" signature="()V">
              <lines>
                <line number="489" hits="4"/>
              </lines>
            </method>
            <method name="(anonymous_38)" hits="4" signature="()V">
              <lines>
                <line number="491" hits="4"/>
              </lines>
            </method>
            <method name="(anonymous_39)" hits="3" signature="()V">
              <lines>
                <line number="494" hits="3"/>
              </lines>
            </method>
            <method name="(anonymous_40)" hits="0" signature="()V">
              <lines>
                <line number="504" hits="0"/>
              </lines>
            </method>
            <method name="(anonymous_41)" hits="3" signature="()V">
              <lines>
                <line number="529" hits="3"/>
              </lines>
            </method>
            <method name="(anonymous_42)" hits="3" signature="()V">
              <lines>
                <line number="534" hits="3"/>
              </lines>
            </method>
            <method name="(anonymous_43)" hits="1" signature="()V">
              <lines>
                <line number="542" hits="1"/>
              </lines>
            </method>
            <method name="(anonymous_44)" hits="1" signature="()V">
              <lines>
                <line number="546" hits="1"/>
              </lines>
            </method>
            <method name="(anonymous_45)" hits="0" signature="()V">
              <lines>
                <line number="550" hits="0"/>
              </lines>
            </method>
            <method name="(anonymous_46)" hits="10" signature="()V">
              <lines>
                <line number="558" hits="10"/>
              </lines>
            </method>
            <method name="(anonymous_47)" hits="5" signature="()V">
              <lines>
                <line number="579" hits="5"/>
              </lines>
            </method>
            <method name="(anonymous_48)" hits="5" signature="()V">
              <lines>
                <line number="583" hits="5"/>
              </lines>
            </method>
          </methods>
          <lines>
            <line number="3" hits="62" branch="false"/>
            <line number="4" hits="62" branch="false"/>
            <line number="5" hits="62" branch="false"/>
            <line number="6" hits="62" branch="false"/>
            <line number="7" hits="62" branch="false"/>
            <line number="8" hits="62" branch="false"/>
            <line number="9" hits="62" branch="false"/>
            <line number="10" hits="62" branch="false"/>
            <line number="11" hits="62" branch="false"/>
            <line number="12" hits="62" branch="false"/>
            <line number="13" hits="62" branch="false"/>
            <line number="14" hits="62" branch="false"/>
            <line number="15" hits="62" branch="false"/>
            <line number="16" hits="62" branch="false"/>
            <line number="17" hits="62" branch="false"/>
            <line number="18" hits="62" branch="false"/>
            <line number="19" hits="62" branch="false"/>
            <line number="21" hits="62" branch="false"/>
            <line number="22" hits="67" branch="false"/>
            <line number="25" hits="67" branch="true" condition-coverage="100% (2/2)"/>
            <line number="27" hits="1" branch="false"/>
            <line number="33" hits="1" branch="false"/>
            <line number="35" hits="66" branch="false"/>
            <line number="44" hits="67" branch="false"/>
            <line number="46" hits="67" branch="false"/>
            <line number="47" hits="67" branch="false"/>
            <line number="50" hits="62" branch="false"/>
            <line number="52" hits="62" branch="false"/>
            <line number="53" hits="9" branch="false"/>
            <line number="58" hits="9" branch="true" condition-coverage="100% (2/2)"/>
            <line number="59" hits="4" branch="false"/>
            <line number="62" hits="9" branch="false"/>
            <line number="65" hits="62" branch="false"/>
            <line number="66" hits="6" branch="false"/>
            <line number="68" hits="6" branch="true" condition-coverage="100% (2/2)"/>
            <line number="70" hits="5" branch="false"/>
            <line number="71" hits="6" branch="false"/>
            <line number="73" hits="6" branch="true" condition-coverage="75% (3/4)"/>
            <line number="74" hits="6" branch="true" condition-coverage="50% (1/2)"/>
            <line number="76" hits="6" branch="true" condition-coverage="66.66666666666666% (2/3)"/>
            <line number="78" hits="5" branch="false"/>
            <line number="80" hits="5" branch="false"/>
            <line number="83" hits="0" branch="true" condition-coverage="0% (0/4)"/>
            <line number="84" hits="0" branch="false"/>
            <line number="87" hits="0" branch="false"/>
            <line number="90" hits="1" branch="true" condition-coverage="50% (1/2)"/>
            <line number="94" hits="1" branch="false"/>
            <line number="97" hits="1" branch="false"/>
            <line number="100" hits="0" branch="false"/>
            <line number="104" hits="5" branch="false"/>
            <line number="107" hits="62" branch="false"/>
            <line number="108" hits="7" branch="false"/>
            <line number="110" hits="7" branch="true" condition-coverage="100% (2/2)"/>
            <line number="114" hits="6" branch="false"/>
            <line number="116" hits="6" branch="false"/>
            <line number="117" hits="7" branch="true" condition-coverage="50% (1/2)"/>
            <line number="119" hits="7" branch="false"/>
            <line number="121" hits="7" branch="false"/>
            <line number="122" hits="8" branch="false"/>
            <line number="123" hits="8" branch="true" condition-coverage="50% (1/2)"/>
            <line number="124" hits="8" branch="false"/>
            <line number="129" hits="6" branch="false"/>
            <line number="130" hits="6" branch="false"/>
            <line number="134" hits="62" branch="false"/>
            <line number="135" hits="4" branch="true" condition-coverage="100% (2/2)"/>
            <line number="137" hits="3" branch="false"/>
            <line number="138" hits="3" branch="false"/>
            <line number="143" hits="3" branch="false"/>
            <line number="152" hits="3" branch="true" condition-coverage="100% (2/2)"/>
            <line number="154" hits="2" branch="true" condition-coverage="100% (2/2)"/>
            <line number="156" hits="1" branch="false"/>
            <line number="161" hits="62" branch="false"/>
            <line number="162" hits="6" branch="true" condition-coverage="50% (1/2)"/>
            <line number="163" hits="6" branch="false"/>
            <line number="166" hits="0" branch="true" condition-coverage="0% (0/2)"/>
            <line number="167" hits="0" branch="false"/>
            <line number="170" hits="0" branch="false"/>
            <line number="172" hits="0" branch="true" condition-coverage="0% (0/2)"/>
            <line number="173" hits="0" branch="false"/>
            <line number="176" hits="0" branch="false"/>
            <line number="180" hits="0" branch="false"/>
            <line number="181" hits="0" branch="false"/>
            <line number="183" hits="0" branch="false"/>
            <line number="187" hits="62" branch="false"/>
            <line number="188" hits="9" branch="true" condition-coverage="100% (2/2)"/>
            <line number="190" hits="9" branch="false"/>
            <line number="192" hits="9" branch="true" condition-coverage="100% (4/4)"/>
            <line number="194" hits="1" branch="false"/>
            <line number="197" hits="5" branch="false"/>
            <line number="201" hits="3" branch="false"/>
            <line number="205" hits="62" branch="false"/>
            <line number="206" hits="11" branch="false"/>
            <line number="207" hits="11" branch="true" condition-coverage="100% (5/5)"/>
            <line number="209" hits="1" branch="false"/>
            <line number="213" hits="7" branch="false"/>
            <line number="214" hits="7" branch="false"/>
            <line number="216" hits="7" branch="false"/>
            <line number="218" hits="0" branch="false"/>
            <line number="222" hits="2" branch="false"/>
            <line number="224" hits="2" branch="true" condition-coverage="100% (2/2)"/>
            <line number="225" hits="1" branch="false"/>
            <line number="228" hits="2" branch="true" condition-coverage="100% (2/2)"/>
            <line number="229" hits="1" branch="false"/>
            <line number="232" hits="1" branch="false"/>
            <line number="233" hits="1" branch="false"/>
            <line number="235" hits="1" branch="false"/>
            <line number="237" hits="1" branch="false"/>
            <line number="238" hits="1" branch="false"/>
            <line number="240" hits="1" branch="false"/>
            <line number="242" hits="0" branch="false"/>
            <line number="246" hits="1" branch="false"/>
            <line number="251" hits="62" branch="false"/>
            <line number="252" hits="4" branch="false"/>
            <line number="256" hits="4" branch="false"/>
            <line number="257" hits="18" branch="false"/>
            <line number="260" hits="4" branch="false"/>
            <line number="262" hits="4" branch="true" condition-coverage="100% (2/2)"/>
            <line number="263" hits="1" branch="false"/>
            <line number="270" hits="1" branch="false"/>
            <line number="273" hits="4" branch="false"/>
            <line number="276" hits="62" branch="false"/>
            <line number="277" hits="11" branch="false"/>
            <line number="278" hits="11" branch="true" condition-coverage="100% (4/4)"/>
            <line number="285" hits="11" branch="false"/>
            <line number="291" hits="11" branch="true" condition-coverage="100% (2/2)"/>
            <line number="292" hits="6" branch="false"/>
            <line number="295" hits="11" branch="true" condition-coverage="100% (2/2)"/>
            <line number="299" hits="11" branch="false"/>
            <line number="302" hits="62" branch="false"/>
            <line number="303" hits="14" branch="true" condition-coverage="100% (4/4)"/>
            <line number="305" hits="6" branch="false"/>
            <line number="309" hits="7" branch="false"/>
            <line number="312" hits="1" branch="false"/>
            <line number="316" hits="62" branch="false"/>
            <line number="317" hits="4" branch="true" condition-coverage="100% (2/2)"/>
            <line number="320" hits="3" branch="false"/>
            <line number="326" hits="3" branch="false"/>
            <line number="328" hits="3" branch="false"/>
            <line number="331" hits="62" branch="false"/>
            <line number="332" hits="30" branch="false"/>
            <line number="334" hits="30" branch="true" condition-coverage="100% (2/2)"/>
            <line number="336" hits="15" branch="false"/>
            <line number="337" hits="20" branch="false"/>
            <line number="338" hits="20" branch="false"/>
            <line number="342" hits="20" branch="true" condition-coverage="100% (3/3)"/>
            <line number="344" hits="6" branch="false"/>
            <line number="346" hits="6" branch="false"/>
            <line number="349" hits="1" branch="false"/>
            <line number="351" hits="1" branch="false"/>
            <line number="354" hits="13" branch="false"/>
            <line number="356" hits="13" branch="true" condition-coverage="100% (2/2)"/>
            <line number="357" hits="1" branch="false"/>
            <line number="359" hits="1" branch="false"/>
            <line number="361" hits="12" branch="true" condition-coverage="100% (2/2)"/>
            <line number="365" hits="20" branch="false"/>
            <line number="368" hits="15" branch="false"/>
            <line number="371" hits="62" branch="false"/>
            <line number="372" hits="7" branch="true" condition-coverage="100% (2/2)"/>
            <line number="373" hits="1" branch="false"/>
            <line number="376" hits="6" branch="false"/>
            <line number="383" hits="6" branch="false"/>
            <line number="386" hits="6" branch="false"/>
            <line number="387" hits="24" branch="true" condition-coverage="100% (2/2)"/>
            <line number="388" hits="2" branch="false"/>
            <line number="392" hits="6" branch="true" condition-coverage="100% (2/2)"/>
            <line number="393" hits="1" branch="false"/>
            <line number="398" hits="5" branch="false"/>
            <line number="400" hits="5" branch="false"/>
            <line number="403" hits="62" branch="false"/>
            <line number="404" hits="8" branch="false"/>
            <line number="405" hits="8" branch="false"/>
            <line number="407" hits="8" branch="false"/>
            <line number="409" hits="34" branch="true" condition-coverage="100% (4/4)"/>
            <line number="410" hits="5" branch="false"/>
            <line number="414" hits="34" branch="true" condition-coverage="50% (1/2)"/>
            <line number="415" hits="34" branch="false"/>
            <line number="420" hits="8" branch="false"/>
            <line number="421" hits="24" branch="true" condition-coverage="100% (4/4)"/>
            <line number="422" hits="2" branch="false"/>
            <line number="426" hits="8" branch="true" condition-coverage="100% (2/2)"/>
            <line number="427" hits="1" branch="false"/>
            <line number="432" hits="7" branch="true" condition-coverage="100% (2/2)"/>
            <line number="433" hits="2" branch="false"/>
            <line number="438" hits="5" branch="false"/>
            <line number="441" hits="62" branch="false"/>
            <line number="442" hits="2" branch="false"/>
            <line number="445" hits="62" branch="false"/>
            <line number="446" hits="1" branch="false"/>
            <line number="449" hits="62" branch="false"/>
            <line number="450" hits="15" branch="true" condition-coverage="100% (4/4)"/>
            <line number="452" hits="8" branch="true" condition-coverage="100% (2/2)"/>
            <line number="454" hits="7" branch="false"/>
            <line number="455" hits="6" branch="false"/>
            <line number="456" hits="6" branch="false"/>
            <line number="458" hits="6" branch="true" condition-coverage="100% (2/2)"/>
            <line number="459" hits="1" branch="false"/>
            <line number="462" hits="5" branch="true" condition-coverage="100% (2/2)"/>
            <line number="463" hits="1" branch="false"/>
            <line number="466" hits="4" branch="false"/>
            <line number="470" hits="62" branch="false"/>
            <line number="471" hits="6" branch="false"/>
            <line number="472" hits="6" branch="false"/>
            <line number="474" hits="6" branch="false"/>
            <line number="475" hits="6" branch="false"/>
            <line number="477" hits="6" branch="false"/>
            <line number="480" hits="5" branch="false"/>
            <line number="482" hits="5" branch="true" condition-coverage="100% (2/2)"/>
            <line number="485" hits="4" branch="false"/>
            <line number="488" hits="4" branch="false"/>
            <line number="490" hits="4" branch="false"/>
            <line number="493" hits="4" branch="false"/>
            <line number="495" hits="3" branch="false"/>
            <line number="496" hits="3" branch="false"/>
            <line number="497" hits="3" branch="false"/>
            <line number="503" hits="3" branch="true" condition-coverage="100% (6/6)"/>
            <line number="504" hits="2" branch="false"/>
            <line number="505" hits="0" branch="true" condition-coverage="0% (0/2)"/>
            <line number="509" hits="3" branch="true" condition-coverage="100% (2/2)"/>
            <line number="510" hits="1" branch="false"/>
            <line number="512" hits="1" branch="false"/>
            <line number="519" hits="2" branch="true" condition-coverage="75% (3/4)"/>
            <line number="520" hits="2" branch="false"/>
            <line number="523" hits="2" branch="false"/>
            <line number="530" hits="3" branch="false"/>
            <line number="535" hits="3" branch="false"/>
            <line number="542" hits="62" branch="false"/>
            <line number="543" hits="1" branch="false"/>
            <line number="544" hits="1" branch="false"/>
            <line number="546" hits="1" branch="false"/>
            <line number="547" hits="1" branch="false"/>
            <line number="549" hits="1" branch="false"/>
            <line number="551" hits="0" branch="false"/>
            <line number="558" hits="62" branch="false"/>
            <line number="560" hits="10" branch="true" condition-coverage="100% (2/2)"/>
            <line number="561" hits="4" branch="true" condition-coverage="50% (1/2)"/>
            <line number="562" hits="0" branch="false"/>
            <line number="567" hits="4" branch="false"/>
            <line number="573" hits="4" branch="false"/>
            <line number="576" hits="6" branch="false"/>
            <line number="579" hits="62" branch="false"/>
            <line number="580" hits="5" branch="false"/>
            <line number="583" hits="62" branch="false"/>
            <line number="584" hits="5" branch="false"/>
            <line number="587" hits="62" branch="false"/>
          </lines>
        </class>
        <class name="SubscriptionsManager.js" filename="lib/SubscriptionsManager.js" line-rate="0.21050000000000002" branch-rate="0">
          <methods>
            <method name="(anonymous_0)" hits="0" signature="()V">
              <lines>
                <line number="6" hits="0"/>
              </lines>
            </method>
            <method name="(anonymous_1)" hits="0" signature="()V">
              <lines>
                <line number="12" hits="0"/>
              </lines>
            </method>
            <method name="(anonymous_2)" hits="0" signature="()V">
              <lines>
                <line number="18" hits="0"/>
              </lines>
            </method>
            <method name="(anonymous_3)" hits="0" signature="()V">
              <lines>
                <line number="21" hits="0"/>
              </lines>
            </method>
            <method name="(anonymous_4)" hits="0" signature="()V">
              <lines>
                <line number="22" hits="0"/>
              </lines>
            </method>
            <method name="(anonymous_5)" hits="0" signature="()V">
              <lines>
                <line number="36" hits="0"/>
              </lines>
            </method>
            <method name="(anonymous_6)" hits="0" signature="()V">
              <lines>
                <line number="37" hits="0"/>
              </lines>
            </method>
            <method name="(anonymous_7)" hits="0" signature="()V">
              <lines>
                <line number="48" hits="0"/>
              </lines>
            </method>
            <method name="(anonymous_8)" hits="0" signature="()V">
              <lines>
                <line number="51" hits="0"/>
              </lines>
            </method>
            <method name="(anonymous_9)" hits="0" signature="()V">
              <lines>
                <line number="54" hits="0"/>
              </lines>
            </method>
            <method name="(anonymous_10)" hits="0" signature="()V">
              <lines>
                <line number="56" hits="0"/>
              </lines>
            </method>
            <method name="(anonymous_11)" hits="0" signature="()V">
              <lines>
                <line number="59" hits="0"/>
              </lines>
            </method>
            <method name="(anonymous_12)" hits="0" signature="()V">
              <lines>
                <line number="67" hits="0"/>
              </lines>
            </method>
            <method name="(anonymous_13)" hits="0" signature="()V">
              <lines>
                <line number="70" hits="0"/>
              </lines>
            </method>
          </methods>
          <lines>
            <line number="3" hits="59" branch="false"/>
            <line number="4" hits="59" branch="false"/>
            <line number="6" hits="59" branch="false"/>
            <line number="7" hits="0" branch="false"/>
            <line number="8" hits="0" branch="false"/>
            <line number="9" hits="0" branch="false"/>
            <line number="12" hits="59" branch="false"/>
            <line number="13" hits="0" branch="false"/>
            <line number="15" hits="0" branch="false"/>
            <line number="18" hits="59" branch="false"/>
            <line number="19" hits="0" branch="false"/>
            <line number="21" hits="0" branch="false"/>
            <line number="22" hits="0" branch="false"/>
            <line number="23" hits="0" branch="true" condition-coverage="0% (0/4)"/>
            <line number="24" hits="0" branch="false"/>
            <line number="27" hits="0" branch="true" condition-coverage="0% (0/5)"/>
            <line number="28" hits="0" branch="false"/>
            <line number="31" hits="0" branch="false"/>
            <line number="36" hits="59" branch="false"/>
            <line number="37" hits="0" branch="false"/>
            <line number="38" hits="0" branch="true" condition-coverage="0% (0/2)"/>
            <line number="39" hits="0" branch="false"/>
            <line number="41" hits="0" branch="false"/>
            <line number="48" hits="59" branch="false"/>
            <line number="49" hits="0" branch="false"/>
            <line number="51" hits="0" branch="false"/>
            <line number="52" hits="0" branch="false"/>
            <line number="54" hits="0" branch="false"/>
            <line number="55" hits="0" branch="true" condition-coverage="0% (0/2)"/>
            <line number="56" hits="0" branch="false"/>
            <line number="57" hits="0" branch="false"/>
            <line number="60" hits="0" branch="true" condition-coverage="0% (0/2)"/>
            <line number="62" hits="0" branch="false"/>
            <line number="67" hits="0" branch="false"/>
            <line number="68" hits="0" branch="false"/>
            <line number="72" hits="0" branch="true" condition-coverage="0% (0/4)"/>
            <line number="74" hits="0" branch="false"/>
            <line number="81" hits="59" branch="false"/>
          </lines>
        </class>
        <class name="Transforms.js" filename="lib/Transforms.js" line-rate="1" branch-rate="1">
          <methods>
            <method name="md5Transform" hits="5" signature="()V">
              <lines>
                <line number="3" hits="5"/>
              </lines>
            </method>
            <method name="upcaseTransform" hits="1" signature="()V">
              <lines>
                <line number="7" hits="1"/>
              </lines>
            </method>
            <method name="downcaseTransform" hits="1" signature="()V">
              <lines>
                <line number="11" hits="1"/>
              </lines>
            </method>
          </methods>
          <lines>
            <line number="1" hits="63" branch="false"/>
            <line number="3" hits="63" branch="false"/>
            <line number="4" hits="5" branch="false"/>
            <line number="7" hits="63" branch="false"/>
            <line number="8" hits="1" branch="false"/>
            <line number="11" hits="63" branch="false"/>
            <line number="12" hits="1" branch="false"/>
          </lines>
        </class>
      </classes>
    </package>
  </packages>
</coverage>
